ARM GAS  C:\Users\ELIOOV~1\AppData\Local\Temp\ccBuaj21.s 			page 1


   1              		.cpu cortex-m4
   2              		.eabi_attribute 27, 1
   3              		.eabi_attribute 28, 1
   4              		.eabi_attribute 20, 1
   5              		.eabi_attribute 21, 1
   6              		.eabi_attribute 23, 3
   7              		.eabi_attribute 24, 1
   8              		.eabi_attribute 25, 1
   9              		.eabi_attribute 26, 1
  10              		.eabi_attribute 30, 2
  11              		.eabi_attribute 34, 1
  12              		.eabi_attribute 18, 4
  13              		.file	"process_image.c"
  14              		.text
  15              	.Ltext0:
  16              		.cfi_sections	.debug_frame
  17              	.Letext0:
  18              		.section	.debug_line,"",%progbits
  19              	.Ldebug_line0:
  20              		.section	.debug_str,"MS",%progbits,1
  21              	.LASF0:
  22 0000 70726F63 		.ascii	"process_image.c\000"
  22      6573735F 
  22      696D6167 
  22      652E6300 
  23              	.LASF1:
  24 0010 433A5C55 		.ascii	"C:\\Users\\Elio Ovide Sanchez\\Desktop\\TPs uINF\\m"
  24      73657273 
  24      5C456C69 
  24      6F204F76 
  24      69646520 
  25 003e 696E692D 		.ascii	"ini-projet\\e-pluck\000"
  25      70726F6A 
  25      65745C65 
  25      2D706C75 
  25      636B00
  26              	.LASF2:
  27 0051 474E5520 		.ascii	"GNU C11 7.2.1 20170904 (release) [ARM/embedded-7-br"
  27      43313120 
  27      372E322E 
  27      31203230 
  27      31373039 
  28 0084 616E6368 		.ascii	"anch revision 255204] -mcpu=cortex-m4 -mfloat-abi=h"
  28      20726576 
  28      6973696F 
  28      6E203235 
  28      35323034 
  29 00b7 61726420 		.ascii	"ard -mfpu=fpv4-sp-d16 -mno-thumb-interwork -mthumb "
  29      2D6D6670 
  29      753D6670 
  29      76342D73 
  29      702D6431 
  30 00ea 2D676764 		.ascii	"-ggdb -O2 -fomit-frame-pointer -falign-functions=16"
  30      62202D4F 
  30      32202D66 
  30      6F6D6974 
  30      2D667261 
ARM GAS  C:\Users\ELIOOV~1\AppData\Local\Temp\ccBuaj21.s 			page 2


  31 011d 202D666E 		.ascii	" -fno-strict-aliasing -fstack-protector-all -ffunct"
  31      6F2D7374 
  31      72696374 
  31      2D616C69 
  31      6173696E 
  32 0150 696F6E2D 		.ascii	"ion-sections -fdata-sections -fno-common -fsingle-p"
  32      73656374 
  32      696F6E73 
  32      202D6664 
  32      6174612D 
  33 0183 72656369 		.ascii	"recision-constant\000"
  33      73696F6E 
  33      2D636F6E 
  33      7374616E 
  33      7400
  34              		.ident	"GCC: (GNU Tools for Arm Embedded Processors 7-2017-q4-major) 7.2.1 20170904 (release) [ARM
ARM GAS  C:\Users\ELIOOV~1\AppData\Local\Temp\ccBuaj21.s 			page 3


DEFINED SYMBOLS
                            *ABS*:00000000 process_image.c

NO UNDEFINED SYMBOLS
